<?xml version="1.0" encoding="UTF-8"?>
<testsuite name="nexusdb.integration.SSIAcceptanceTest" tests="4" skipped="0" failures="0" errors="0" timestamp="2026-03-28T01:31:08" hostname="MacBook-Pro-cua-Khanh.local" time="0.006">
  <properties/>
  <testcase name="SSI detects rw-antidependency: T1 reads key that T2 writes" classname="nexusdb.integration.SSIAcceptanceTest" time="0.003"/>
  <testcase name="SSI allows non-conflicting concurrent reads and writes" classname="nexusdb.integration.SSIAcceptanceTest" time="0.0"/>
  <testcase name="SNAPSHOT isolation still allows write skew (backward compatibility)" classname="nexusdb.integration.SSIAcceptanceTest" time="0.001"/>
  <testcase name="SSI prevents write skew: doctor-on-call scenario" classname="nexusdb.integration.SSIAcceptanceTest" time="0.001"/>
  <system-out><![CDATA[]]></system-out>
  <system-err><![CDATA[]]></system-err>
</testsuite>
