<?xml version="1.0" encoding="UTF-8"?>
<testsuite name="nexusdb.storage.WALRecordTest" tests="9" skipped="0" failures="0" errors="0" timestamp="2026-03-28T01:31:08" hostname="MacBook-Pro-cua-Khanh.local" time="0.002">
  <properties/>
  <testcase name="ABORT record round-trips" classname="nexusdb.storage.WALRecordTest" time="0.0"/>
  <testcase name="COMMIT record round-trips (no before/after images)" classname="nexusdb.storage.WALRecordTest" time="0.0"/>
  <testcase name="isPhysical returns true for UPDATE and CLR, false for others" classname="nexusdb.storage.WALRecordTest" time="0.0"/>
  <testcase name="Empty key serializes correctly" classname="nexusdb.storage.WALRecordTest" time="0.0"/>
  <testcase name="Multiple records deserialize sequentially from a buffer" classname="nexusdb.storage.WALRecordTest" time="0.0"/>
  <testcase name="UPDATE record round-trips through serialize/deserialize" classname="nexusdb.storage.WALRecordTest" time="0.0"/>
  <testcase name="Serialize size matches expected binary layout" classname="nexusdb.storage.WALRecordTest" time="0.0"/>
  <testcase name="CLR record created from original UPDATE for undo" classname="nexusdb.storage.WALRecordTest" time="0.0"/>
  <testcase name="Null before/after images serialize as length -1" classname="nexusdb.storage.WALRecordTest" time="0.0"/>
  <system-out><![CDATA[]]></system-out>
  <system-err><![CDATA[]]></system-err>
</testsuite>
