<?xml version="1.0" encoding="UTF-8"?>
<testsuite name="nexusdb.storage.RecoveryManagerTest" tests="8" skipped="0" failures="0" errors="0" timestamp="2026-03-28T01:31:08" hostname="MacBook-Pro-cua-Khanh.local" time="0.047">
  <properties/>
  <testcase name="Delete (null afterImage) removes key during recovery" classname="nexusdb.storage.RecoveryManagerTest" time="0.008"/>
  <testcase name="Empty WAL: recovery returns empty store" classname="nexusdb.storage.RecoveryManagerTest" time="0.001"/>
  <testcase name="Overwrite: latest committed value wins" classname="nexusdb.storage.RecoveryManagerTest" time="0.005"/>
  <testcase name="Aborted transaction: explicit ABORT record causes rollback" classname="nexusdb.storage.RecoveryManagerTest" time="0.005"/>
  <testcase name="Recover committed transaction: data is present after recovery" classname="nexusdb.storage.RecoveryManagerTest" time="0.006"/>
  <testcase name="Recovery returns highest committed timestamp for TransactionManager" classname="nexusdb.storage.RecoveryManagerTest" time="0.007"/>
  <testcase name="Uncommitted transaction: data is NOT present after recovery (undo)" classname="nexusdb.storage.RecoveryManagerTest" time="0.007"/>
  <testcase name="Multiple committed transactions: all data recovered" classname="nexusdb.storage.RecoveryManagerTest" time="0.005"/>
  <system-out><![CDATA[]]></system-out>
  <system-err><![CDATA[]]></system-err>
</testsuite>
