<?xml version="1.0" encoding="UTF-8"?>
<testsuite name="nexusdb.mvcc.VersionTest" tests="10" skipped="0" failures="0" errors="0" timestamp="2026-03-28T01:31:08" hostname="MacBook-Pro-cua-Khanh.local" time="0.003">
  <properties/>
  <testcase name="Null value represents a deletion tombstone" classname="nexusdb.mvcc.VersionTest" time="0.0"/>
  <testcase name="New version starts with ACTIVE status and MAX_VALUE commit timestamp" classname="nexusdb.mvcc.VersionTest" time="0.0"/>
  <testcase name="isVisibleTo returns false for ABORTED version" classname="nexusdb.mvcc.VersionTest" time="0.0"/>
  <testcase name="isVisibleTo returns true for committed version with commitTs &lt;= snapshotTs" classname="nexusdb.mvcc.VersionTest" time="0.0"/>
  <testcase name="Abort sets status to ABORTED, timestamp stays MAX_VALUE" classname="nexusdb.mvcc.VersionTest" time="0.0"/>
  <testcase name="isVisibleTo returns false for committed version with commitTs &gt; snapshotTs" classname="nexusdb.mvcc.VersionTest" time="0.001"/>
  <testcase name="Version links to previous version in chain" classname="nexusdb.mvcc.VersionTest" time="0.0"/>
  <testcase name="isVisibleTo returns false for ACTIVE version" classname="nexusdb.mvcc.VersionTest" time="0.0"/>
  <testcase name="Non-null value is not a deletion" classname="nexusdb.mvcc.VersionTest" time="0.0"/>
  <testcase name="Commit sets timestamp and status atomically visible to readers" classname="nexusdb.mvcc.VersionTest" time="0.0"/>
  <system-out><![CDATA[]]></system-out>
  <system-err><![CDATA[]]></system-err>
</testsuite>
