<?xml version="1.0" encoding="UTF-8"?>
<testsuite name="nexusdb.concurrency.AdaptiveLockManagerTest" tests="6" skipped="0" failures="0" errors="0" timestamp="2026-03-28T01:31:08" hostname="MacBook-Pro-cua-Khanh.local" time="0.039">
  <properties/>
  <testcase name="getLockForKey returns consistent StampedLock for same key range" classname="nexusdb.concurrency.AdaptiveLockManagerTest" time="0.025"/>
  <testcase name="Under high contention, mode escalates to LOCK and writes still succeed" classname="nexusdb.concurrency.AdaptiveLockManagerTest" time="0.001"/>
  <testcase name="De-escalation: mode returns to CAS after contention subsides" classname="nexusdb.concurrency.AdaptiveLockManagerTest" time="0.0"/>
  <testcase name="Write installs version on version chain via CAS path (low contention)" classname="nexusdb.concurrency.AdaptiveLockManagerTest" time="0.002"/>
  <testcase name="Concurrent writes to same key do not lose versions" classname="nexusdb.concurrency.AdaptiveLockManagerTest" time="0.007"/>
  <testcase name="Multiple sequential writes build a version chain" classname="nexusdb.concurrency.AdaptiveLockManagerTest" time="0.001"/>
  <system-out><![CDATA[]]></system-out>
  <system-err><![CDATA[]]></system-err>
</testsuite>
