<?xml version="1.0" encoding="UTF-8"?>
<testsuite name="nexusdb.storage.WALWriterTest" tests="7" skipped="0" failures="0" errors="0" timestamp="2026-03-28T01:31:08" hostname="MacBook-Pro-cua-Khanh.local" time="0.112">
  <properties/>
  <testcase name="PrevLsn chain is preserved through serialize/readAll" classname="nexusdb.storage.WALWriterTest" time="0.005"/>
  <testcase name="Group commit: concurrent appends are batched into single flush" classname="nexusdb.storage.WALWriterTest" time="0.083"/>
  <testcase name="Multiple transactions interleaved in WAL" classname="nexusdb.storage.WALWriterTest" time="0.006"/>
  <testcase name="Append returns monotonically increasing LSNs" classname="nexusdb.storage.WALWriterTest" time="0.006"/>
  <testcase name="Empty WAL returns empty list on readAll" classname="nexusdb.storage.WALWriterTest" time="0.001"/>
  <testcase name="Flush persists records that can be read back" classname="nexusdb.storage.WALWriterTest" time="0.005"/>
  <testcase name="Before and after images preserved for UPDATE records" classname="nexusdb.storage.WALWriterTest" time="0.006"/>
  <system-out><![CDATA[]]></system-out>
  <system-err><![CDATA[]]></system-err>
</testsuite>
