<?xml version="1.0" encoding="UTF-8"?>
<testsuite name="nexusdb.integration.BTreeAcceptanceTest" tests="4" skipped="0" failures="0" errors="0" timestamp="2026-03-28T01:31:08" hostname="MacBook-Pro-cua-Khanh.local" time="0.018">
  <properties/>
  <testcase name="rangeScanEmptyResult()" classname="nexusdb.integration.BTreeAcceptanceTest" time="0.005"/>
  <testcase name="rangeScanWithManyKeysAcrossMultipleSplits()" classname="nexusdb.integration.BTreeAcceptanceTest" time="0.011"/>
  <testcase name="rangeScanSeesSnapshotConsistentView()" classname="nexusdb.integration.BTreeAcceptanceTest" time="0.002"/>
  <testcase name="rangeScanReturnsCommittedKeysInOrder()" classname="nexusdb.integration.BTreeAcceptanceTest" time="0.0"/>
  <system-out><![CDATA[]]></system-out>
  <system-err><![CDATA[]]></system-err>
</testsuite>
