<?xml version="1.0" encoding="UTF-8"?>
<testsuite name="nexusdb.storage.BTreeNodeTest" tests="12" skipped="0" failures="0" errors="0" timestamp="2026-03-28T01:31:08" hostname="MacBook-Pro-cua-Khanh.local" time="0.005">
  <properties/>
  <testcase name="splitInternalNodeDistributesChildrenCorrectly()" classname="nexusdb.storage.BTreeNodeTest" time="0.0"/>
  <testcase name="internalNodeRoutesToCorrectChild()" classname="nexusdb.storage.BTreeNodeTest" time="0.001"/>
  <testcase name="insertIntoLeafMaintainsSortedOrder()" classname="nexusdb.storage.BTreeNodeTest" time="0.0"/>
  <testcase name="getOrCreateReturnsExistingChain()" classname="nexusdb.storage.BTreeNodeTest" time="0.0"/>
  <testcase name="searchFindsInsertedKey()" classname="nexusdb.storage.BTreeNodeTest" time="0.0"/>
  <testcase name="nodeReportsFullWhenAtCapacity()" classname="nexusdb.storage.BTreeNodeTest" time="0.0"/>
  <testcase name="rwLockSupportsReadAndWriteAccess()" classname="nexusdb.storage.BTreeNodeTest" time="0.0"/>
  <testcase name="internalNodeWithMultipleSeparators()" classname="nexusdb.storage.BTreeNodeTest" time="0.0"/>
  <testcase name="newLeafNodeIsEmpty()" classname="nexusdb.storage.BTreeNodeTest" time="0.0"/>
  <testcase name="splitLeafProducesTwoHalves()" classname="nexusdb.storage.BTreeNodeTest" time="0.001"/>
  <testcase name="searchReturnsNullForMissingKey()" classname="nexusdb.storage.BTreeNodeTest" time="0.0"/>
  <testcase name="getOrCreateInsertsNewChainIfAbsent()" classname="nexusdb.storage.BTreeNodeTest" time="0.0"/>
  <system-out><![CDATA[]]></system-out>
  <system-err><![CDATA[]]></system-err>
</testsuite>
