<?xml version="1.0" encoding="UTF-8"?>
<testsuite name="nexusdb.mvcc.VersionChainTest" tests="6" skipped="0" failures="0" errors="0" timestamp="2026-03-28T01:31:08" hostname="MacBook-Pro-cua-Khanh.local" time="0.003">
  <properties/>
  <testcase name="Concurrent installs: all versions installed without loss" classname="nexusdb.mvcc.VersionChainTest" time="0.001"/>
  <testcase name="Install single version sets it as head" classname="nexusdb.mvcc.VersionChainTest" time="0.0"/>
  <testcase name="Install prepends: newest version becomes head" classname="nexusdb.mvcc.VersionChainTest" time="0.0"/>
  <testcase name="findVisible returns newest committed version visible at snapshot" classname="nexusdb.mvcc.VersionChainTest" time="0.001"/>
  <testcase name="Empty chain returns null head" classname="nexusdb.mvcc.VersionChainTest" time="0.0"/>
  <testcase name="findVisible skips aborted versions" classname="nexusdb.mvcc.VersionChainTest" time="0.0"/>
  <system-out><![CDATA[]]></system-out>
  <system-err><![CDATA[]]></system-err>
</testsuite>
