<?xml version="1.0" encoding="UTF-8"?>
<testsuite name="nexusdb.integration.CrashRecoveryAcceptanceTest" tests="4" skipped="0" failures="0" errors="0" timestamp="2026-03-28T01:31:08" hostname="MacBook-Pro-cua-Khanh.local" time="0.075">
  <properties/>
  <testcase name="Multiple transactions: only committed ones survive recovery" classname="nexusdb.integration.CrashRecoveryAcceptanceTest" time="0.033"/>
  <testcase name="Overwrite survives crash: latest committed value is recovered" classname="nexusdb.integration.CrashRecoveryAcceptanceTest" time="0.02"/>
  <testcase name="Committed data survives crash and recovery" classname="nexusdb.integration.CrashRecoveryAcceptanceTest" time="0.011"/>
  <testcase name="Uncommitted data is rolled back during recovery" classname="nexusdb.integration.CrashRecoveryAcceptanceTest" time="0.011"/>
  <system-out><![CDATA[]]></system-out>
  <system-err><![CDATA[]]></system-err>
</testsuite>
